build/intermediates/manifest_merge_blame_file/debug/manifest-merger-blame-debug-report.txt
1<?xml version="1.0" encoding="utf-8"?>
2<manifest xmlns:android="http://schemas.android.com/apk/res/android"
3    package="com.example.carshare"
4    android:versionCode="1"
5    android:versionName="1.0" >
6
7    <uses-sdk
8        android:minSdkVersion="29"
8-->src\main\AndroidManifest.xml
9        android:targetSdkVersion="29" />
9-->src\main\AndroidManifest.xml
10
11    <uses-permission android:name="android.permission.ACCESS_FINE_LOCATION" />
11-->src\main\AndroidManifest.xml:5:5-79
11-->src\main\AndroidManifest.xml:5:22-76
12    <uses-permission android:name="android.permission.ACCESS_WIFI_STATE" />
12-->src\main\AndroidManifest.xml:6:5-76
12-->src\main\AndroidManifest.xml:6:22-73
13    <uses-permission android:name="android.permission.INTERNET" />
13-->src\main\AndroidManifest.xml:7:5-67
13-->src\main\AndroidManifest.xml:7:22-64
14    <uses-permission android:name="android.permission.READ_EXTERNAL_STORAGE" />
14-->src\main\AndroidManifest.xml:8:5-80
14-->src\main\AndroidManifest.xml:8:22-77
15    <uses-permission android:name="com.google.android.c2dm.permission.RECEIVE" />
15-->src\main\AndroidManifest.xml:9:5-82
15-->src\main\AndroidManifest.xml:9:22-79
16    <uses-permission android:name="android.permission.ACCESS_NETWORK_STATE" /> <!-- Permissions to be used when using these features -->
16-->[com.firebaseui:firebase-ui-auth:6.4.0] AndroidManifest.xml:12:5-79
16-->[com.firebaseui:firebase-ui-auth:6.4.0] AndroidManifest.xml:12:22-76
17    <uses-permission android:name="android.permission.CAMERA" />
17-->[io.kommunicate.sdk:kommunicate:2.1.4] AndroidManifest.xml:13:5-15:30
17-->[io.kommunicate.sdk:kommunicate:2.1.4] AndroidManifest.xml:14:9-49
18    <uses-permission android:name="android.permission.WRITE_EXTERNAL_STORAGE" />
18-->[io.kommunicate.sdk:kommunicate:2.1.4] AndroidManifest.xml:16:5-18:30
18-->[io.kommunicate.sdk:kommunicate:2.1.4] AndroidManifest.xml:17:9-65
19    <uses-permission android:name="android.permission.RECORD_AUDIO" /> <!-- Mandatory permissions -->
19-->[io.kommunicate.sdk:kommunicate:2.1.4] AndroidManifest.xml:22:5-24:30
19-->[io.kommunicate.sdk:kommunicate:2.1.4] AndroidManifest.xml:23:9-55
20    <uses-permission android:name="android.permission.VIBRATE" />
20-->[io.kommunicate.sdk:kommunicate:2.1.4] AndroidManifest.xml:27:5-29:30
20-->[io.kommunicate.sdk:kommunicate:2.1.4] AndroidManifest.xml:28:9-50
21    <uses-permission android:name="android.permission.ACCESS_COARSE_LOCATION" />
21-->[io.kommunicate.sdk:kommunicate:2.1.4] AndroidManifest.xml:30:5-32:30
21-->[io.kommunicate.sdk:kommunicate:2.1.4] AndroidManifest.xml:31:9-65
22    <uses-permission android:name="android.permission.RECEIVE_BOOT_COMPLETED" />
22-->[io.kommunicate.sdk:kommunicate:2.1.4] AndroidManifest.xml:42:5-44:30
22-->[io.kommunicate.sdk:kommunicate:2.1.4] AndroidManifest.xml:43:9-65
23
24    <uses-feature
24-->[com.google.android.gms:play-services-maps:17.0.0] AndroidManifest.xml:26:5-28:35
25        android:glEsVersion="0x00020000"
25-->[com.google.android.gms:play-services-maps:17.0.0] AndroidManifest.xml:27:9-41
26        android:required="true" />
26-->[com.google.android.gms:play-services-maps:17.0.0] AndroidManifest.xml:28:9-32
27
28    <uses-permission android:name="android.permission.WAKE_LOCK" />
28-->[com.google.firebase:firebase-iid:21.0.1] AndroidManifest.xml:24:5-68
28-->[com.google.firebase:firebase-iid:21.0.1] AndroidManifest.xml:24:22-65
29
30    <application
30-->src\main\AndroidManifest.xml:11:5-171:19
31        android:name="com.example.carshare.FirebaseMobilePaymentsApp"
31-->src\main\AndroidManifest.xml:17:9-50
32        android:allowBackup="true"
32-->src\main\AndroidManifest.xml:12:9-35
33        android:appComponentFactory="androidx.core.app.CoreComponentFactory"
33-->[androidx.core:core:1.3.2] AndroidManifest.xml:24:18-86
34        android:debuggable="true"
35        android:extractNativeLibs="false"
36        android:icon="@mipmap/ic_launcher"
36-->src\main\AndroidManifest.xml:13:9-43
37        android:label="@string/app_name"
37-->src\main\AndroidManifest.xml:14:9-41
38        android:supportsRtl="true"
38-->src\main\AndroidManifest.xml:15:9-35
39        android:testOnly="true"
40        android:theme="@style/Theme.CarShare" >
40-->src\main\AndroidManifest.xml:16:9-46
41        <meta-data
41-->src\main\AndroidManifest.xml:19:9-21:55
42            android:name="com.google.android.geo.API_KEY"
42-->src\main\AndroidManifest.xml:20:13-58
43            android:value="@string/google_maps_key" />
43-->src\main\AndroidManifest.xml:21:13-52
44        <meta-data
44-->src\main\AndroidManifest.xml:23:9-25:69
45            android:name="com.google.android.gms.version"
45-->src\main\AndroidManifest.xml:24:13-58
46            android:value="@integer/google_play_services_version" />
46-->src\main\AndroidManifest.xml:25:13-66
47
48        <service
48-->src\main\AndroidManifest.xml:27:9-34:19
49            android:name="com.example.carshare.FirebaseService"
49-->src\main\AndroidManifest.xml:28:13-44
50            android:permission="com.google.android.c2dm.permission.SEND" >
50-->src\main\AndroidManifest.xml:29:13-73
51            <intent-filter>
51-->src\main\AndroidManifest.xml:30:13-33:29
52                <action android:name="com.google.firebase.MESSAGING_EVENT" />
52-->src\main\AndroidManifest.xml:31:17-78
52-->src\main\AndroidManifest.xml:31:25-75
53                <action android:name="com.google.android.c2dm.intent.RECEIVE" />
53-->src\main\AndroidManifest.xml:32:17-81
53-->src\main\AndroidManifest.xml:32:25-78
54            </intent-filter>
55        </service>
56
57        <activity
57-->src\main\AndroidManifest.xml:36:9-39:20
58            android:name="com.example.carshare.NotificationActivity"
58-->src\main\AndroidManifest.xml:37:13-49
59            android:screenOrientation="portrait" >
59-->src\main\AndroidManifest.xml:38:13-49
60        </activity>
61        <activity
61-->src\main\AndroidManifest.xml:41:9-44:20
62            android:name="com.example.carshare.MapUserActivity"
62-->src\main\AndroidManifest.xml:42:13-44
63            android:screenOrientation="portrait" >
63-->src\main\AndroidManifest.xml:43:13-49
64        </activity>
65        <activity
65-->src\main\AndroidManifest.xml:46:9-49:20
66            android:name="com.example.carshare.MapCarOwnerActivity"
66-->src\main\AndroidManifest.xml:47:13-48
67            android:screenOrientation="portrait" >
67-->src\main\AndroidManifest.xml:48:13-49
68        </activity>
69        <activity
69-->src\main\AndroidManifest.xml:51:9-54:20
70            android:name="com.example.carshare.PaymentActivity"
70-->src\main\AndroidManifest.xml:52:13-44
71            android:screenOrientation="portrait" >
71-->src\main\AndroidManifest.xml:53:13-49
72        </activity>
73        <activity
73-->src\main\AndroidManifest.xml:56:9-63:20
74            android:name="com.example.carshare.RegisterActivity"
74-->src\main\AndroidManifest.xml:57:13-45
75            android:screenOrientation="portrait" >
75-->src\main\AndroidManifest.xml:58:13-49
76            <intent-filter>
76-->src\main\AndroidManifest.xml:59:13-62:29
77                <action android:name="android.intent.action.MAIN" />
77-->src\main\AndroidManifest.xml:60:17-69
77-->src\main\AndroidManifest.xml:60:25-66
78
79                <category android:name="android.intent.category.LAUNCHER" />
79-->src\main\AndroidManifest.xml:61:17-77
79-->src\main\AndroidManifest.xml:61:27-74
80            </intent-filter>
81        </activity>
82        <activity
82-->src\main\AndroidManifest.xml:65:9-68:53
83            android:name="com.example.carshare.MainActivity"
83-->src\main\AndroidManifest.xml:66:13-41
84            android:parentActivityName="com.example.carshare.MainPageActivity"
84-->src\main\AndroidManifest.xml:68:4-50
85            android:screenOrientation="portrait" />
85-->src\main\AndroidManifest.xml:67:13-49
86        <activity
86-->src\main\AndroidManifest.xml:70:9-72:52
87            android:name="com.example.carshare.LoginUserActivity"
87-->src\main\AndroidManifest.xml:71:13-46
88            android:screenOrientation="portrait" />
88-->src\main\AndroidManifest.xml:72:13-49
89        <activity
89-->src\main\AndroidManifest.xml:74:9-77:49
90            android:name="com.example.carshare.EditUserProfileActivity"
90-->src\main\AndroidManifest.xml:75:13-52
91            android:parentActivityName="com.example.carshare.MainActivity"
91-->src\main\AndroidManifest.xml:77:4-46
92            android:screenOrientation="portrait" />
92-->src\main\AndroidManifest.xml:76:13-49
93        <activity
93-->src\main\AndroidManifest.xml:79:9-81:52
94            android:name="com.example.carshare.MainPageActivity"
94-->src\main\AndroidManifest.xml:80:13-45
95            android:screenOrientation="portrait" />
95-->src\main\AndroidManifest.xml:81:13-49
96        <activity
96-->src\main\AndroidManifest.xml:83:9-86:62
97            android:name="com.example.carshare.UpgradeActivity"
97-->src\main\AndroidManifest.xml:84:13-44
98            android:parentActivityName="com.example.carshare.MainPageActivity"
98-->src\main\AndroidManifest.xml:86:13-59
99            android:screenOrientation="portrait" />
99-->src\main\AndroidManifest.xml:85:13-49
100        <activity
100-->src\main\AndroidManifest.xml:88:9-92:20
101            android:name="com.example.carshare.BrandActivity"
101-->src\main\AndroidManifest.xml:89:13-42
102            android:parentActivityName="com.example.carshare.MainPageActivity"
102-->src\main\AndroidManifest.xml:91:13-59
103            android:screenOrientation="portrait" >
103-->src\main\AndroidManifest.xml:90:13-49
104        </activity>
105        <activity
105-->src\main\AndroidManifest.xml:94:9-98:20
106            android:name="com.example.carshare.CarModelActivity"
106-->src\main\AndroidManifest.xml:95:13-45
107            android:parentActivityName="com.example.carshare.BrandActivity"
107-->src\main\AndroidManifest.xml:97:13-56
108            android:screenOrientation="portrait" >
108-->src\main\AndroidManifest.xml:96:13-49
109        </activity>
110        <activity
110-->src\main\AndroidManifest.xml:100:9-104:20
111            android:name="com.example.carshare.RentableCarActivity"
111-->src\main\AndroidManifest.xml:101:13-48
112            android:parentActivityName="com.example.carshare.BrandActivity"
112-->src\main\AndroidManifest.xml:103:13-56
113            android:screenOrientation="portrait" >
113-->src\main\AndroidManifest.xml:102:13-49
114        </activity>
115        <activity
115-->src\main\AndroidManifest.xml:106:9-110:20
116            android:name="com.example.carshare.RentableCarDetailsActivity"
116-->src\main\AndroidManifest.xml:107:13-55
117            android:parentActivityName="com.example.carshare.BrandActivity"
117-->src\main\AndroidManifest.xml:109:13-56
118            android:screenOrientation="portrait" >
118-->src\main\AndroidManifest.xml:108:13-49
119        </activity>
120        <activity
120-->src\main\AndroidManifest.xml:112:9-116:20
121            android:name="com.example.carshare.RentOutActivity"
121-->src\main\AndroidManifest.xml:113:13-44
122            android:parentActivityName="com.example.carshare.MainPageActivity"
122-->src\main\AndroidManifest.xml:115:13-59
123            android:screenOrientation="portrait" >
123-->src\main\AndroidManifest.xml:114:13-49
124        </activity>
125        <activity
125-->src\main\AndroidManifest.xml:118:9-122:20
126            android:name="com.example.carshare.RentOutDetailsActivity"
126-->src\main\AndroidManifest.xml:119:13-51
127            android:parentActivityName="com.example.carshare.RentOutActivity"
127-->src\main\AndroidManifest.xml:121:13-58
128            android:screenOrientation="portrait" >
128-->src\main\AndroidManifest.xml:120:13-49
129        </activity>
130        <activity
130-->src\main\AndroidManifest.xml:124:9-128:20
131            android:name="com.example.carshare.RentOutNewCarActivity"
131-->src\main\AndroidManifest.xml:125:13-50
132            android:parentActivityName="com.example.carshare.RentOutActivity"
132-->src\main\AndroidManifest.xml:127:13-58
133            android:screenOrientation="portrait" >
133-->src\main\AndroidManifest.xml:126:13-49
134        </activity>
135        <activity
135-->src\main\AndroidManifest.xml:130:9-134:20
136            android:name="com.example.carshare.MyCarsActivity"
136-->src\main\AndroidManifest.xml:131:13-43
137            android:parentActivityName="com.example.carshare.MainPageActivity"
137-->src\main\AndroidManifest.xml:133:13-59
138            android:screenOrientation="portrait" >
138-->src\main\AndroidManifest.xml:132:13-49
139        </activity>
140        <activity
140-->src\main\AndroidManifest.xml:136:9-140:20
141            android:name="com.example.carshare.MyCarsDetailsActivity"
141-->src\main\AndroidManifest.xml:137:13-50
142            android:parentActivityName="com.example.carshare.MyCarsActivity"
142-->src\main\AndroidManifest.xml:139:13-57
143            android:screenOrientation="portrait" >
143-->src\main\AndroidManifest.xml:138:13-49
144        </activity>
145        <activity
145-->src\main\AndroidManifest.xml:142:9-146:20
146            android:name="com.example.carshare.HistoryTypeActivity"
146-->src\main\AndroidManifest.xml:143:13-48
147            android:parentActivityName="com.example.carshare.MainPageActivity"
147-->src\main\AndroidManifest.xml:145:13-59
148            android:screenOrientation="portrait" >
148-->src\main\AndroidManifest.xml:144:13-49
149        </activity>
150        <activity
150-->src\main\AndroidManifest.xml:148:9-152:20
151            android:name="com.example.carshare.HistoryPaymentActivity"
151-->src\main\AndroidManifest.xml:149:13-51
152            android:parentActivityName="com.example.carshare.HistoryTypeActivity"
152-->src\main\AndroidManifest.xml:151:13-62
153            android:screenOrientation="portrait" >
153-->src\main\AndroidManifest.xml:150:13-49
154        </activity>
155        <activity
155-->src\main\AndroidManifest.xml:154:9-158:20
156            android:name="com.example.carshare.HistoryReceiveActivity"
156-->src\main\AndroidManifest.xml:155:13-51
157            android:parentActivityName="com.example.carshare.HistoryTypeActivity"
157-->src\main\AndroidManifest.xml:157:13-62
158            android:screenOrientation="portrait" >
158-->src\main\AndroidManifest.xml:156:13-49
159        </activity>
160        <activity
160-->src\main\AndroidManifest.xml:160:9-164:20
161            android:name="com.example.carshare.ContactUsActivity"
161-->src\main\AndroidManifest.xml:161:13-46
162            android:parentActivityName="com.example.carshare.MainPageActivity"
162-->src\main\AndroidManifest.xml:163:13-59
163            android:screenOrientation="portrait" >
163-->src\main\AndroidManifest.xml:162:13-49
164        </activity>
165
166        <meta-data
166-->src\main\AndroidManifest.xml:167:9-169:57
167            android:name="preloaded_fonts"
167-->src\main\AndroidManifest.xml:168:13-43
168            android:resource="@array/preloaded_fonts" />
168-->src\main\AndroidManifest.xml:169:13-54
169
170        <activity
170-->[com.stripe:stripe-android:14.5.0] AndroidManifest.xml:12:9-14:57
171            android:name="com.stripe.android.view.AddPaymentMethodActivity"
171-->[com.stripe:stripe-android:14.5.0] AndroidManifest.xml:13:13-76
172            android:theme="@style/StripeDefaultTheme" />
172-->[com.stripe:stripe-android:14.5.0] AndroidManifest.xml:14:13-54
173        <activity
173-->[com.stripe:stripe-android:14.5.0] AndroidManifest.xml:15:9-17:57
174            android:name="com.stripe.android.view.PaymentMethodsActivity"
174-->[com.stripe:stripe-android:14.5.0] AndroidManifest.xml:16:13-74
175            android:theme="@style/StripeDefaultTheme" />
175-->[com.stripe:stripe-android:14.5.0] AndroidManifest.xml:17:13-54
176        <activity
176-->[com.stripe:stripe-android:14.5.0] AndroidManifest.xml:18:9-20:57
177            android:name="com.stripe.android.view.PaymentFlowActivity"
177-->[com.stripe:stripe-android:14.5.0] AndroidManifest.xml:19:13-71
178            android:theme="@style/StripeDefaultTheme" />
178-->[com.stripe:stripe-android:14.5.0] AndroidManifest.xml:20:13-54
179        <activity
179-->[com.stripe:stripe-android:14.5.0] AndroidManifest.xml:21:9-23:57
180            android:name="com.stripe.android.view.PaymentAuthWebViewActivity"
180-->[com.stripe:stripe-android:14.5.0] AndroidManifest.xml:22:13-78
181            android:theme="@style/StripeDefaultTheme" />
181-->[com.stripe:stripe-android:14.5.0] AndroidManifest.xml:23:13-54
182        <activity
182-->[com.stripe:stripe-android:14.5.0] AndroidManifest.xml:24:9-26:57
183            android:name="com.stripe.android.view.PaymentRelayActivity"
183-->[com.stripe:stripe-android:14.5.0] AndroidManifest.xml:25:13-72
184            android:theme="@style/StripeDefaultTheme" />
184-->[com.stripe:stripe-android:14.5.0] AndroidManifest.xml:26:13-54
185        <activity
185-->[com.stripe:stripe-android:14.5.0] AndroidManifest.xml:27:9-29:57
186            android:name="com.stripe.android.view.Stripe3ds2CompletionActivity"
186-->[com.stripe:stripe-android:14.5.0] AndroidManifest.xml:28:13-80
187            android:theme="@style/StripeDefaultTheme" />
187-->[com.stripe:stripe-android:14.5.0] AndroidManifest.xml:29:13-54
188        <activity
188-->[com.stripe:stripe-3ds2-android:3.0.2] AndroidManifest.xml:12:9-14:54
189            android:name="com.stripe.android.stripe3ds2.views.ChallengeActivity"
189-->[com.stripe:stripe-3ds2-android:3.0.2] AndroidManifest.xml:13:13-81
190            android:theme="@style/Stripe3DS2Theme" />
190-->[com.stripe:stripe-3ds2-android:3.0.2] AndroidManifest.xml:14:13-51
191        <activity
191-->[com.stripe:stripe-3ds2-android:3.0.2] AndroidManifest.xml:15:9-17:54
192            android:name="com.stripe.android.stripe3ds2.views.ChallengeProgressDialogActivity"
192-->[com.stripe:stripe-3ds2-android:3.0.2] AndroidManifest.xml:16:13-95
193            android:theme="@style/Stripe3DS2Theme" />
193-->[com.stripe:stripe-3ds2-android:3.0.2] AndroidManifest.xml:17:13-51
194
195        <service
195-->[com.google.firebase:firebase-functions-ktx:19.2.0] AndroidManifest.xml:12:9-18:19
196            android:name="com.google.firebase.components.ComponentDiscoveryService"
196-->[com.google.firebase:firebase-functions-ktx:19.2.0] AndroidManifest.xml:13:13-84
197            android:directBootAware="true"
197-->[com.google.firebase:firebase-common:19.5.0] AndroidManifest.xml:35:13-43
198            android:exported="false" >
198-->[com.google.firebase:firebase-functions-ktx:19.2.0] AndroidManifest.xml:14:13-37
199            <meta-data
199-->[com.google.firebase:firebase-functions-ktx:19.2.0] AndroidManifest.xml:15:13-17:85
200                android:name="com.google.firebase.components:com.google.firebase.functions.ktx.FirebaseFunctionsKtxRegistrar"
200-->[com.google.firebase:firebase-functions-ktx:19.2.0] AndroidManifest.xml:16:17-126
201                android:value="com.google.firebase.components.ComponentRegistrar" />
201-->[com.google.firebase:firebase-functions-ktx:19.2.0] AndroidManifest.xml:17:17-82
202            <meta-data
202-->[com.google.firebase:firebase-firestore-ktx:22.1.2] AndroidManifest.xml:15:13-17:85
203                android:name="com.google.firebase.components:com.google.firebase.firestore.ktx.FirebaseFirestoreKtxRegistrar"
203-->[com.google.firebase:firebase-firestore-ktx:22.1.2] AndroidManifest.xml:16:17-126
204                android:value="com.google.firebase.components.ComponentRegistrar" />
204-->[com.google.firebase:firebase-firestore-ktx:22.1.2] AndroidManifest.xml:17:17-82
205            <meta-data
205-->[com.google.firebase:firebase-common-ktx:19.5.0] AndroidManifest.xml:15:13-17:85
206                android:name="com.google.firebase.components:com.google.firebase.ktx.FirebaseCommonKtxRegistrar"
206-->[com.google.firebase:firebase-common-ktx:19.5.0] AndroidManifest.xml:16:17-113
207                android:value="com.google.firebase.components.ComponentRegistrar" />
207-->[com.google.firebase:firebase-common-ktx:19.5.0] AndroidManifest.xml:17:17-82
208            <meta-data
208-->[com.google.firebase:firebase-auth:20.0.3] AndroidManifest.xml:77:13-79:85
209                android:name="com.google.firebase.components:com.google.firebase.auth.FirebaseAuthRegistrar"
209-->[com.google.firebase:firebase-auth:20.0.3] AndroidManifest.xml:78:17-109
210                android:value="com.google.firebase.components.ComponentRegistrar" />
210-->[com.google.firebase:firebase-auth:20.0.3] AndroidManifest.xml:79:17-82
211            <meta-data
211-->[com.google.firebase:firebase-storage:19.2.2] AndroidManifest.xml:33:13-35:85
212                android:name="com.google.firebase.components:com.google.firebase.storage.StorageRegistrar"
212-->[com.google.firebase:firebase-storage:19.2.2] AndroidManifest.xml:34:17-107
213                android:value="com.google.firebase.components.ComponentRegistrar" />
213-->[com.google.firebase:firebase-storage:19.2.2] AndroidManifest.xml:35:17-82
214            <meta-data
214-->[com.google.firebase:firebase-database:19.7.0] AndroidManifest.xml:32:13-34:85
215                android:name="com.google.firebase.components:com.google.firebase.database.DatabaseRegistrar"
215-->[com.google.firebase:firebase-database:19.7.0] AndroidManifest.xml:33:17-109
216                android:value="com.google.firebase.components.ComponentRegistrar" />
216-->[com.google.firebase:firebase-database:19.7.0] AndroidManifest.xml:34:17-82
217            <meta-data
217-->[com.google.firebase:firebase-messaging:21.0.1] AndroidManifest.xml:39:13-41:85
218                android:name="com.google.firebase.components:com.google.firebase.messaging.FirebaseMessagingRegistrar"
218-->[com.google.firebase:firebase-messaging:21.0.1] AndroidManifest.xml:40:17-119
219                android:value="com.google.firebase.components.ComponentRegistrar" />
219-->[com.google.firebase:firebase-messaging:21.0.1] AndroidManifest.xml:41:17-82
220            <meta-data
220-->[com.google.firebase:firebase-firestore:22.1.2] AndroidManifest.xml:20:13-22:85
221                android:name="com.google.firebase.components:com.google.firebase.firestore.FirestoreRegistrar"
221-->[com.google.firebase:firebase-firestore:22.1.2] AndroidManifest.xml:21:17-111
222                android:value="com.google.firebase.components.ComponentRegistrar" />
222-->[com.google.firebase:firebase-firestore:22.1.2] AndroidManifest.xml:22:17-82
223            <meta-data
223-->[com.google.firebase:firebase-functions:19.2.0] AndroidManifest.xml:18:13-20:85
224                android:name="com.google.firebase.components:com.google.firebase.functions.FunctionsRegistrar"
224-->[com.google.firebase:firebase-functions:19.2.0] AndroidManifest.xml:19:17-111
225                android:value="com.google.firebase.components.ComponentRegistrar" />
225-->[com.google.firebase:firebase-functions:19.2.0] AndroidManifest.xml:20:17-82
226            <meta-data
226-->[com.google.firebase:firebase-iid:21.0.1] AndroidManifest.xml:32:13-34:85
227                android:name="com.google.firebase.components:com.google.firebase.iid.Registrar"
227-->[com.google.firebase:firebase-iid:21.0.1] AndroidManifest.xml:33:17-96
228                android:value="com.google.firebase.components.ComponentRegistrar" />
228-->[com.google.firebase:firebase-iid:21.0.1] AndroidManifest.xml:34:17-82
229            <meta-data
229-->[com.google.firebase:firebase-datatransport:17.0.10] AndroidManifest.xml:28:13-30:85
230                android:name="com.google.firebase.components:com.google.firebase.datatransport.TransportRegistrar"
230-->[com.google.firebase:firebase-datatransport:17.0.10] AndroidManifest.xml:29:17-115
231                android:value="com.google.firebase.components.ComponentRegistrar" />
231-->[com.google.firebase:firebase-datatransport:17.0.10] AndroidManifest.xml:30:17-82
232            <meta-data
232-->[com.google.firebase:firebase-installations:16.3.5] AndroidManifest.xml:18:13-20:85
233                android:name="com.google.firebase.components:com.google.firebase.installations.FirebaseInstallationsRegistrar"
233-->[com.google.firebase:firebase-installations:16.3.5] AndroidManifest.xml:19:17-127
234                android:value="com.google.firebase.components.ComponentRegistrar" />
234-->[com.google.firebase:firebase-installations:16.3.5] AndroidManifest.xml:20:17-82
235            <!--
236                This registrar is not defined in the dynamic-module-support sdk itself to allow non-firebase
237                clients to use it as well, by defining this registrar in their own core/common library.
238            -->
239            <meta-data
239-->[com.google.firebase:firebase-common:19.5.0] AndroidManifest.xml:43:13-45:85
240                android:name="com.google.firebase.components:com.google.firebase.dynamicloading.DynamicLoadingRegistrar"
240-->[com.google.firebase:firebase-common:19.5.0] AndroidManifest.xml:44:17-121
241                android:value="com.google.firebase.components.ComponentRegistrar" />
241-->[com.google.firebase:firebase-common:19.5.0] AndroidManifest.xml:45:17-82
242        </service>
243
244        <meta-data
244-->[com.firebaseui:firebase-ui-auth:6.4.0] AndroidManifest.xml:19:9-21:63
245            android:name="com.facebook.sdk.ApplicationId"
245-->[com.firebaseui:firebase-ui-auth:6.4.0] AndroidManifest.xml:20:13-58
246            android:value="@string/facebook_application_id" />
246-->[com.firebaseui:firebase-ui-auth:6.4.0] AndroidManifest.xml:21:13-60
247
248        <activity
248-->[com.firebaseui:firebase-ui-auth:6.4.0] AndroidManifest.xml:23:9-27:61
249            android:name="com.firebase.ui.auth.KickoffActivity"
249-->[com.firebaseui:firebase-ui-auth:6.4.0] AndroidManifest.xml:24:13-64
250            android:exported="false"
250-->[com.firebaseui:firebase-ui-auth:6.4.0] AndroidManifest.xml:25:13-37
251            android:label=""
251-->[com.firebaseui:firebase-ui-auth:6.4.0] AndroidManifest.xml:26:13-29
252            android:theme="@style/FirebaseUI.Transparent" />
252-->[com.firebaseui:firebase-ui-auth:6.4.0] AndroidManifest.xml:27:13-58
253        <activity
253-->[com.firebaseui:firebase-ui-auth:6.4.0] AndroidManifest.xml:28:9-32:61
254            android:name="com.firebase.ui.auth.ui.idp.SingleSignInActivity"
254-->[com.firebaseui:firebase-ui-auth:6.4.0] AndroidManifest.xml:29:13-76
255            android:exported="false"
255-->[com.firebaseui:firebase-ui-auth:6.4.0] AndroidManifest.xml:30:13-37
256            android:label=""
256-->[com.firebaseui:firebase-ui-auth:6.4.0] AndroidManifest.xml:31:13-29
257            android:theme="@style/FirebaseUI.Transparent" />
257-->[com.firebaseui:firebase-ui-auth:6.4.0] AndroidManifest.xml:32:13-58
258        <activity
258-->[com.firebaseui:firebase-ui-auth:6.4.0] AndroidManifest.xml:33:9-37:61
259            android:name="com.firebase.ui.auth.ui.credentials.CredentialSaveActivity"
259-->[com.firebaseui:firebase-ui-auth:6.4.0] AndroidManifest.xml:34:13-86
260            android:exported="false"
260-->[com.firebaseui:firebase-ui-auth:6.4.0] AndroidManifest.xml:35:13-37
261            android:label=""
261-->[com.firebaseui:firebase-ui-auth:6.4.0] AndroidManifest.xml:36:13-29
262            android:theme="@style/FirebaseUI.Transparent" />
262-->[com.firebaseui:firebase-ui-auth:6.4.0] AndroidManifest.xml:37:13-58
263        <activity
263-->[com.firebaseui:firebase-ui-auth:6.4.0] AndroidManifest.xml:38:9-42:58
264            android:name="com.firebase.ui.auth.ui.email.RecoverPasswordActivity"
264-->[com.firebaseui:firebase-ui-auth:6.4.0] AndroidManifest.xml:39:13-81
265            android:exported="false"
265-->[com.firebaseui:firebase-ui-auth:6.4.0] AndroidManifest.xml:40:13-37
266            android:label="@string/fui_title_recover_password_activity"
266-->[com.firebaseui:firebase-ui-auth:6.4.0] AndroidManifest.xml:41:13-72
267            android:windowSoftInputMode="adjustResize" />
267-->[com.firebaseui:firebase-ui-auth:6.4.0] AndroidManifest.xml:42:13-55
268        <activity
268-->[com.firebaseui:firebase-ui-auth:6.4.0] AndroidManifest.xml:43:9-47:58
269            android:name="com.firebase.ui.auth.ui.email.EmailActivity"
269-->[com.firebaseui:firebase-ui-auth:6.4.0] AndroidManifest.xml:44:13-71
270            android:exported="false"
270-->[com.firebaseui:firebase-ui-auth:6.4.0] AndroidManifest.xml:45:13-37
271            android:label="@string/fui_sign_in_default"
271-->[com.firebaseui:firebase-ui-auth:6.4.0] AndroidManifest.xml:46:13-56
272            android:windowSoftInputMode="adjustResize" />
272-->[com.firebaseui:firebase-ui-auth:6.4.0] AndroidManifest.xml:47:13-55
273        <activity
273-->[com.firebaseui:firebase-ui-auth:6.4.0] AndroidManifest.xml:48:9-52:77
274            android:name="com.firebase.ui.auth.ui.phone.PhoneActivity"
274-->[com.firebaseui:firebase-ui-auth:6.4.0] AndroidManifest.xml:49:13-71
275            android:exported="false"
275-->[com.firebaseui:firebase-ui-auth:6.4.0] AndroidManifest.xml:50:13-37
276            android:label="@string/fui_sign_in_with_phone_number"
276-->[com.firebaseui:firebase-ui-auth:6.4.0] AndroidManifest.xml:51:13-66
277            android:windowSoftInputMode="adjustResize|stateAlwaysVisible" />
277-->[com.firebaseui:firebase-ui-auth:6.4.0] AndroidManifest.xml:52:13-74
278        <activity
278-->[com.firebaseui:firebase-ui-auth:6.4.0] AndroidManifest.xml:53:9-57:58
279            android:name="com.firebase.ui.auth.ui.idp.WelcomeBackIdpPrompt"
279-->[com.firebaseui:firebase-ui-auth:6.4.0] AndroidManifest.xml:54:13-76
280            android:exported="false"
280-->[com.firebaseui:firebase-ui-auth:6.4.0] AndroidManifest.xml:55:13-37
281            android:label="@string/fui_title_welcome_back_idp_prompt"
281-->[com.firebaseui:firebase-ui-auth:6.4.0] AndroidManifest.xml:56:13-70